Invoked heartbeat run d12daf99-e3e0-401b-a4ee-c7263542b1c6 for agent CEO (a81ff4a7-5d8b-4a0f-a610-5fcf4cc8a5af)
Status: queued
[event] lifecycle: run started
Adapter: process
Working dir: /Users/jonathanborgia/foreman-git/foreman-v2
Command: /Users/jonathanborgia/foreman-git/foreman-v2/scripts/paperclip-openclaw-executor.sh
Env:
{
  "HOME": "/Users/jonathanborgia",
  "PAPERCLIP_ROLE": "executor",
  "PAPERCLIP_RUN_ID": "d12daf99-e3e0-401b-a4ee-c7263542b1c6",
  "PAPERCLIP_API_KEY": "***REDACTED***",
  "PAPERCLIP_API_URL": "http://127.0.0.1:3125",
  "PAPERCLIP_AGENT_ID": "a81ff4a7-5d8b-4a0f-a610-5fcf4cc8a5af",
  "PAPERCLIP_COMPANY_ID": "5d1780c4-7574-4632-a97d-a9917b1f2fc0",
  "PAPERCLIP_WAKE_REASON": "on_demand",
  "PAPERCLIP_RESOLVED_COMMAND": "/Users/jonathanborgia/foreman-git/foreman-v2/scripts/paperclip-openclaw-executor.sh",
  "PAPERCLIP_CEO_AGENT_API_KEY": "***REDACTED***"
}
Status: running
[paperclip] No project or prior session workspace was available. Using fallback workspace "/Users/jonathanborgia/tmp-paperclip-ceo-reset/data/instances/ceo-baseline/workspaces/a81ff4a7-5d8b-4a0f-a610-5fcf4cc8a5af" for this run.
[executor] env_probe agent_id=a81ff4a7-5d8b-4a0f-a610-5fcf4cc8a5af run_id=d12daf99-e3e0-401b-a4ee-c7263542b1c6 wake_reason=on_demand task_id=none
[executor] heartbeat bootstrap run_id=d12daf99-e3e0-401b-a4ee-c7263542b1c6
[executor] checkout_issue task_id=445a3e8c-6c01-4360-927d-5e4def68a3be
[executor] openclaw_attempt_start mode=default session_id=pc-5d1780c4-a81ff4a7-445a3e8c-d12daf-1776142571
[executor] openclaw_attempt_timeout
[executor] openclaw_attempt_start mode=local session_id=pc-5d1780c4-a81ff4a7-445a3e8c-d12daf-1776142846
[event] lifecycle: run timed_out
Status: timed_out
Run d12daf99-e3e0-401b-a4ee-c7263542b1c6 completed with status timed_out
Error: Timed out after 300s

--- STDERR ---
