Invoked heartbeat run 13b1d774-cb08-4071-af2b-edbe335753ac for agent CEO (a81ff4a7-5d8b-4a0f-a610-5fcf4cc8a5af)
Status: queued
[event] lifecycle: run started
Adapter: process
Working dir: /Users/jonathanborgia/foreman-git/foreman-v2
Command: /Users/jonathanborgia/foreman-git/foreman-v2/scripts/paperclip-openclaw-executor.sh
Env:
{
  "HOME": "/Users/jonathanborgia",
  "PAPERCLIP_ROLE": "executor",
  "PAPERCLIP_RUN_ID": "13b1d774-cb08-4071-af2b-edbe335753ac",
  "PAPERCLIP_API_KEY": "***REDACTED***",
  "PAPERCLIP_API_URL": "http://127.0.0.1:3125",
  "PAPERCLIP_AGENT_ID": "a81ff4a7-5d8b-4a0f-a610-5fcf4cc8a5af",
  "PAPERCLIP_COMPANY_ID": "5d1780c4-7574-4632-a97d-a9917b1f2fc0",
  "PAPERCLIP_WAKE_REASON": "on_demand",
  "PAPERCLIP_RESOLVED_COMMAND": "/Users/jonathanborgia/foreman-git/foreman-v2/scripts/paperclip-openclaw-executor.sh",
  "PAPERCLIP_CEO_AGENT_API_KEY": "***REDACTED***"
}
Status: running
[paperclip] No project or prior session workspace was available. Using fallback workspace "/Users/jonathanborgia/tmp-paperclip-ceo-reset/data/instances/ceo-baseline/workspaces/a81ff4a7-5d8b-4a0f-a610-5fcf4cc8a5af" for this run.
[executor] env_probe agent_id=a81ff4a7-5d8b-4a0f-a610-5fcf4cc8a5af run_id=13b1d774-cb08-4071-af2b-edbe335753ac wake_reason=on_demand task_id=none
[executor] heartbeat bootstrap run_id=13b1d774-cb08-4071-af2b-edbe335753ac
[executor] checkout_issue task_id=5e5dcd80-8408-47ff-8a1a-e85a7f6b787d
[executor] openclaw_attempt_start mode=default session_id=pc-5d1780c4-a81ff4a7-5e5dcd80-13b1d7-1776143111
[event] lifecycle: run succeeded
Status: succeeded
Run 13b1d774-cb08-4071-af2b-edbe335753ac completed with status succeeded

--- STDERR ---
